<?xml version="1.0" encoding="UTF-8"?>
<!-- Generated by org.testng.reporters.JUnitReportReporter -->
<testsuite hostname="DESKTOP-3HMNV2I" failures="0" tests="1" name="org.testing.apitesting.testScripts.TestCase6_UpdateUsingPut" time="0.083" errors="0" timestamp="2023-07-12T16:42:49 GMT-05:00" skipped="0">
  <testcase classname="org.testing.apitesting.testScripts.TestCase6_UpdateUsingPut" name="testCase6_updateallDetails" time="0.083"/>
  <system-out/>
</testsuite> <!-- org.testing.apitesting.testScripts.TestCase6_UpdateUsingPut -->
