<?xml version="1.0" encoding="UTF-8"?>
<!-- Generated by org.testng.reporters.JUnitReportReporter -->
<testsuite hostname="DESKTOP-3HMNV2I" failures="0" tests="1" name="org.testing.apitesting.testScripts.TestCase3_GetAllStudents" time="0.335" errors="0" timestamp="2023-07-10T14:37:51 GMT-05:00" skipped="0">
  <testcase classname="org.testing.apitesting.testScripts.TestCase3_GetAllStudents" name="getAllStudents" time="0.335"/>
  <system-out/>
</testsuite> <!-- org.testing.apitesting.testScripts.TestCase3_GetAllStudents -->
