<?xml version="1.0" encoding="UTF-8"?>
<!-- Generated by org.testng.reporters.JUnitReportReporter -->
<testsuite hostname="DESKTOP-3HMNV2I" failures="0" tests="1" name="org.testing.apitesting.testScripts.TestCase2_PostTeacher" time="0.067" errors="0" timestamp="2023-07-10T00:22:35 GMT-05:00" skipped="0">
  <testcase classname="org.testing.apitesting.testScripts.TestCase2_PostTeacher" name="postTeacher" time="0.067"/>
  <system-out/>
</testsuite> <!-- org.testing.apitesting.testScripts.TestCase2_PostTeacher -->
